---------- Timestamp ----------
2016-10-04 11:27:09
---------- Kernel Output ----------
Linux cdes2-infinity-dev2 3.0.76-0.11-default #1 SMP Fri Jun 14 08:21:43 UTC 2013 (ccab990) x86_64 x86_64 x86_64 GNU/Linux
---------- Facter Output ----------
architecture => x86_64
bios_release_date => 09/30/2014
bios_vendor => Phoenix Technologies LTD
bios_version => 6.00
blockdevice_sda_model => Virtual disk
blockdevice_sda_size => 34368126976
blockdevice_sda_vendor => VMware
blockdevice_sdb_model => ST4000NM0033-9ZM
blockdevice_sdb_size => 4000787030016
blockdevice_sdb_vendor => ATA
blockdevice_sdc_model => ST4000NM0033-9ZM
blockdevice_sdc_size => 4000787030016
blockdevice_sdc_vendor => ATA
blockdevice_sdd_model => ST4000NM0033-9ZM
blockdevice_sdd_size => 4000787030016
blockdevice_sdd_vendor => ATA
blockdevice_sde_model => ST4000NM0033-9ZM
blockdevice_sde_size => 4000787030016
blockdevice_sde_vendor => ATA
blockdevice_sdf_model => ST4000NM0033-9ZM
blockdevice_sdf_size => 4000787030016
blockdevice_sdf_vendor => ATA
blockdevice_sdg_model => ST4000NM0033-9ZM
blockdevice_sdg_size => 4000787030016
blockdevice_sdg_vendor => ATA
blockdevice_sdh_model => ST4000NM0033-9ZM
blockdevice_sdh_size => 4000787030016
blockdevice_sdh_vendor => ATA
blockdevice_sdi_model => ST4000NM0033-9ZM
blockdevice_sdi_size => 4000787030016
blockdevice_sdi_vendor => ATA
blockdevice_sdj_model => ST4000NM0033-9ZM
blockdevice_sdj_size => 4000787030016
blockdevice_sdj_vendor => ATA
blockdevice_sdk_model => ST4000NM0033-9ZM
blockdevice_sdk_size => 4000787030016
blockdevice_sdk_vendor => ATA
blockdevice_sdl_model => ST4000NM0033-9ZM
blockdevice_sdl_size => 4000787030016
blockdevice_sdl_vendor => ATA
blockdevice_sdm_model => ST4000NM0033-9ZM
blockdevice_sdm_size => 4000787030016
blockdevice_sdm_vendor => ATA
blockdevice_sdn_model => ST4000NM0033-9ZM
blockdevice_sdn_size => 4000787030016
blockdevice_sdn_vendor => ATA
blockdevice_sdo_model => ST4000NM0033-9ZM
blockdevice_sdo_size => 4000787030016
blockdevice_sdo_vendor => ATA
blockdevice_sr0_model => VMware SATA CD00
blockdevice_sr0_size => 1073741312
blockdevice_sr0_vendor => NECVMWar
blockdevices => sda,sdb,sdc,sdd,sde,sdf,sdg,sdh,sdi,sdj,sdk,sdl,sdm,sdn,sdo,sr0
boardmanufacturer => Intel Corporation
boardproductname => 440BX Desktop Reference Platform
boardserialnumber => None
domain => isus.emc.com
facterversion => 1.7.3
filesystems => ext3,iso9660
fqdn => cdes2-infinity-dev2.isus.emc.com
hardwareisa => x86_64
hardwaremodel => x86_64
hba0_device => SAS2008 PCI-Express Fusion-MPT SAS-2 [Falcon]
hba0_driver => mpt2sas
hba0_vendor => LSI Logic / Symbios Logic
hostname => cdes2-infinity-dev2
id => root
interfaces => eth4,eth5,lo
ipaddress => 10.246.74.228
ipaddress_eth4 => 10.246.74.228
ipaddress_lo => 127.0.0.1
is_pe => false
is_virtual => true
kernel => Linux
kernelmajversion => 3.0
kernelrelease => 3.0.76-0.11-default
kernelversion => 3.0.76
lsbdistcodename => n/a
lsbdistdescription => SUSE Linux Enterprise Server 11 (x86_64)
lsbdistid => SUSE LINUX
lsbdistrelease => 11
lsbmajdistrelease => 11
lsbrelease => core-2.0-noarch:core-3.2-noarch:core-4.0-noarch:core-2.0-x86_64:core-3.2-x86_64:core-4.0-x86_64:desktop-4.0-amd64:desktop-4.0-noarch:graphics-2.0-amd64:graphics-2.0-noarch:graphics-3.2-amd64:graphics-3.2-noarch:graphics-4.0-amd64:graphics-4.0-noarch
macaddress => 00:50:56:98:0D:A9
macaddress_eth4 => 00:50:56:98:0D:A9
macaddress_eth5 => 00:50:56:98:CC:15
manufacturer => VMware, Inc.
memoryfree => 4.46 GB
memoryfree_mb => 4565.23
memorysize => 4.80 GB
memorysize_mb => 4913.66
memorytotal => 4.80 GB
mtu_eth4 => 1500
mtu_eth5 => 1500
mtu_lo => 16436
netmask => 255.255.255.0
netmask_eth4 => 255.255.255.0
netmask_lo => 255.0.0.0
network_eth4 => 10.246.74.0
network_lo => 127.0.0.0
operatingsystem => SLES
operatingsystemrelease => 11.3
osfamily => Suse
path => /sbin:/usr/sbin:/usr/local/sbin:/root/bin:/usr/local/bin:/usr/bin:/bin:/usr/bin/X11:/usr/X11R6/bin:/usr/games:/usr/lib64/jvm/jre/bin:/usr/lib/mit/bin:/usr/lib/mit/sbin
physicalprocessorcount => 2
processor0 => Intel(R) Xeon(R) CPU E5-2609 v2 @ 2.50GHz
processor1 => Intel(R) Xeon(R) CPU E5-2609 v2 @ 2.50GHz
processor2 => Intel(R) Xeon(R) CPU E5-2609 v2 @ 2.50GHz
processor3 => Intel(R) Xeon(R) CPU E5-2609 v2 @ 2.50GHz
processor4 => Intel(R) Xeon(R) CPU E5-2609 v2 @ 2.50GHz
processor5 => Intel(R) Xeon(R) CPU E5-2609 v2 @ 2.50GHz
processor6 => Intel(R) Xeon(R) CPU E5-2609 v2 @ 2.50GHz
processor7 => Intel(R) Xeon(R) CPU E5-2609 v2 @ 2.50GHz
processorcount => 8
productname => VMware Virtual Platform
ps => ps -ef
puppet_vardir => /var/lib/puppet
puppetversion => 3.3.1
root_home => /root
rubysitedir => /usr/lib64/ruby/site_ruby/1.8
rubyversion => 1.8.7
selinux => false
serialnumber => VMware-42 18 92 0b 85 31 85 5a-89 4e 6a 1b 6f 03 65 14
sshdsakey => AAAAB3NzaC1kc3MAAACBAPtPHQ48Yj4SVEHpnpNkRl05tH9iOVSqIhJbAHwK/jQ925Cj/tBAwJdVKhX98PVObOoXaqCOoD1q5fugw3HHnrQp7oEG2c8tYKl+zWWenHhjK5iELaxhsca04CpJLr3ig+6GY6Ulseg071tqAS+qcfe541sHJppyMzrz5MmiI0INAAAAFQDJJukRfLrqdGgq8mGdvpWlFFvtKQAAAIAljRe0w0XxaD8SXKKCpwpgebF8P16fU56gztD2vpCsmy7r7mwJsOq88P/ittFc3GUrPImhn7+ZEhHxbvfgUzjzpekk37kmlSEqBJGzmLjreQdTXgct8dknvxarSYkT+182jvys3/Ym8l0nbNEUjHQEthz8oP0NFSG16B3zPMtrlwAAAIArjx4+0S8uBBEnIXwnlw7s/+uh3x1+GPKOEu2CT+N3udE7D4wLrAjYVnEULlWMGTV0+Fl4o+GVpztp2SusWnmlKyEfgiJUPWK1aVhF7h1BoC4K8E5lCuMxAOMwTviDmo0WV9tWeFq7/R4SfO6h1vF9+cG/YK2/Z/WWYHy3leOxvA==
sshecdsakey => AAAAE2VjZHNhLXNoYTItbmlzdHAyNTYAAAAIbmlzdHAyNTYAAABBBDC55fW2OuhusWfbCFfgk8Hxe7XpEyk5q7pKm0If7rbpiDwxhgEHGE7XkoDiToqjv6LH/UbkXmHchSPsb36ef1s=
sshfp_dsa => SSHFP 2 1 9adbde53b53035f8276d10276392b1cb6b5120ee
SSHFP 2 2 a2e4e4fe4ecb4be2f120d4fdb90868a894b7ce46d4192f3dfc914c2d0987a505
sshfp_ecdsa => SSHFP 3 1 fbc29c4615d3101bfa8ebec152961c65dcbb1fc8
SSHFP 3 2 867375d986d91d3c521c410499738990e78fb0a20ff9f25c1c1aa125fa173ce3
sshfp_rsa => SSHFP 1 1 6062f7eced2e30f5282698cd1387059cd4642bf3
SSHFP 1 2 845f2d42ee2324d6eb0b10199151adc4b30ab83223ece7d474670be02ad8d13b
sshrsakey => AAAAB3NzaC1yc2EAAAADAQABAAABAQDxhXU5oDRtbNlGWNNul7xeiQV3XGMIpgUoPvBFplszWIG2uXODtxhqLCEOLVznaxEE/D+0LkMRo71ejJlTpWSUKfi0FZ1BAHKeupDbIueLV+twKVa0B+O3Nxv+5NZ4rmvMqsQlVeQaRcihnis+zE511J5zS9iGoYJ2sVXftyha9whrGawhoYlbqLM0kZ2VVkp9x0uKa+5npdzJvkCay9jTapTG7Bd92h1g1a84ZgyDnEf0xARg/ShBeLxEPKEcN1oMcUnrj9+2u375rZgU1mBTyXApPn1w32hlwT1N3rfIWIfoYKoBhlaZQPADxT6iw3DlWSiuPe2hHKsULsxMHO2p
swapfree => 2.01 GB
swapfree_mb => 2054.00
swapsize => 2.01 GB
swapsize_mb => 2054.00
timezone => EDT
type => Other
uniqueid => f60ae44a
uptime => 1:46 hours
uptime_days => 0
uptime_hours => 1
uptime_seconds => 6408
uuid => 4218920B-8531-855A-894E-6A1B6F036514
virtual => vmware
---------- LSIUtil Output ----------

LSI Logic MPT Configuration Utility, Version 1.71, Sep 18, 2013

2 MPT Ports found

     Port Name         Chip Vendor/Type/Rev    MPT Rev  Firmware Rev  IOC
 1.  /proc/mpt/ioc0    LSI Logic 53C1030 B0      102      01032920     0

Current active firmware version is 01032920 (1.03.41.32)
Upload failed, IOCStatus = 0001 (Invalid Function)
Upload failed, IOCStatus = 0001 (Invalid Function)
---------- Version Output ----------
20.00.00.00
---------- Devices Output ----------
00:10.0 SCSI storage controller: LSI Logic / Symbios Logic 53c1030 PCI-X Fusion-MPT Dual Ultra320 SCSI (rev 01)
03:00.0 Serial Attached SCSI controller: LSI Logic / Symbios Logic SAS2008 PCI-Express Fusion-MPT SAS-2 [Falcon] (rev 03)
